2024/08/09 21:24:32 main.go:37: 应用程序启动
2024/08/09 21:24:32 main.go:38: 处理一些逻辑
2024/08/09 21:24:32 main.go:39: 应用程序结束
2024/08/09 21:42:30 logger.go:22: 程序启动
2024/08/09 21:50:24 logger.go:22: 程序启动
2024/08/09 22:16:58 logger.go:22: 程序启动
2024/08/09 22:20:18 logger.go:22: 程序启动
2024/08/09 22:22:14 logger.go:22: 程序启动
2024/08/09 22:22:23 logger.go:22: 程序启动
2024/08/09 22:42:37 logger.go:22: 程序启动
2024/08/09 22:44:24 logger.go:22: 程序启动
2024/08/09 22:45:04 logger.go:22: 程序启动
2024/08/09 22:46:00 logger.go:22: panic occurred: runtime error: index out of range [1] with length 0
2024/08/09 22:46:02 logger.go:22: unexpected response status: 404 Not Found
2024/08/09 22:46:03 logger.go:22: unexpected response status: 404 Not Found
2024/08/09 22:46:08 logger.go:22: failed to get name
2024/08/09 22:46:15 logger.go:22: unexpected response status: 404 Not Found
2024/08/09 22:46:17 logger.go:22: failed to get name
2024/08/09 22:46:23 logger.go:22: unknow episode statuts
2024/08/09 22:46:23 logger.go:22: unknow episode statuts
2024/08/09 22:46:23 logger.go:22: unknow episode statuts
2024/08/09 22:46:25 logger.go:22: panic occurred: runtime error: index out of range [1] with length 0
2024/08/09 22:46:32 logger.go:22: panic occurred: runtime error: index out of range [1] with length 0
2024/08/09 22:46:38 logger.go:22: failed to get name
2024/08/09 22:46:40 logger.go:22: failed to get name
2024/08/09 22:46:40 logger.go:22: failed to get name
2024/08/09 22:46:46 logger.go:22: unexpected response status: 404 Not Found
2024/08/09 22:46:47 logger.go:22: unexpected response status: 404 Not Found
2024/08/09 22:46:47 logger.go:22: unexpected response status: 404 Not Found
2024/08/09 22:46:49 logger.go:22: failed to get name
2024/08/09 22:46:50 logger.go:22: failed to get name
2024/08/09 22:46:52 logger.go:22: unknow episode statuts
2024/08/09 22:46:52 logger.go:22: unknow episode statuts
2024/08/09 22:46:52 logger.go:22: unexpected response status: 404 Not Found
2024/08/09 22:46:52 logger.go:22: unknow episode statuts
2024/08/09 22:46:53 logger.go:22: unknow episode statuts
2024/08/09 22:46:53 logger.go:22: unknow episode statuts
2024/08/09 22:46:58 logger.go:22: unexpected response status: 404 Not Found
2024/08/09 22:46:59 logger.go:22: unexpected response status: 404 Not Found
2024/08/09 22:46:59 logger.go:22: unexpected response status: 404 Not Found
2024/08/09 22:47:01 logger.go:22: failed to get name
2024/08/09 22:47:01 logger.go:22: failed to get name
2024/08/09 22:47:01 logger.go:22: failed to get name
2024/08/09 22:47:02 logger.go:22: unknow episode statuts
2024/08/09 22:47:02 logger.go:22: unknow episode statuts
2024/08/09 22:47:02 logger.go:22: unknow episode statuts
2024/08/09 22:47:06 logger.go:22: unexpected response status: 404 Not Found
2024/08/09 22:47:07 logger.go:22: failed to get name
2024/08/09 22:47:07 logger.go:22: failed to get name
2024/08/09 22:47:12 logger.go:22: failed to get name
2024/08/09 22:47:15 logger.go:22: unknow episode statuts
2024/08/09 22:47:16 logger.go:22: unknow episode statuts
2024/08/09 22:47:16 logger.go:22: unknow episode statuts
2024/08/09 22:47:16 logger.go:22: unknow episode statuts
2024/08/09 22:47:18 logger.go:22: failed to get name
2024/08/09 22:47:22 logger.go:22: unknow episode statuts
2024/08/09 22:47:22 logger.go:22: unknow episode statuts
2024/08/09 22:47:22 logger.go:22: unknow episode statuts
2024/08/09 22:47:26 logger.go:22: unknow episode statuts
2024/08/09 22:48:00 logger.go:22: panic occurred: runtime error: index out of range [1] with length 0
2024/08/09 22:48:00 logger.go:22: 已经存在
2024/08/09 22:48:00 logger.go:22: 已经存在
2024/08/09 22:48:00 logger.go:22: 已经存在
2024/08/09 22:48:00 logger.go:22: 已经存在
2024/08/09 22:48:00 logger.go:22: 已经存在
2024/08/09 22:48:00 logger.go:22: 已经存在
2024/08/09 22:48:00 logger.go:22: 已经存在
2024/08/09 22:48:00 logger.go:22: 已经存在
2024/08/09 22:48:00 logger.go:22: 已经存在
2024/08/09 22:48:00 logger.go:22: 已经存在
2024/08/09 22:48:00 logger.go:22: 已经存在
2024/08/09 22:48:00 logger.go:22: failed to get name
2024/08/09 22:48:00 logger.go:22: 已经存在
2024/08/09 22:48:00 logger.go:22: 已经存在
2024/08/09 22:48:00 logger.go:22: 已经存在
2024/08/09 22:48:00 logger.go:22: 已经存在
2024/08/09 22:48:00 logger.go:22: 已经存在
2024/08/09 22:48:00 logger.go:22: 已经存在
2024/08/09 22:48:00 logger.go:22: 已经存在
2024/08/09 22:48:00 logger.go:22: 已经存在
2024/08/09 22:48:00 logger.go:22: 已经存在
2024/08/09 22:48:00 logger.go:22: 已经存在
2024/08/09 22:48:00 logger.go:22: 已经存在
2024/08/09 22:48:00 logger.go:22: 已经存在
2024/08/09 22:48:00 logger.go:22: 已经存在
2024/08/09 22:48:00 logger.go:22: failed to get name
2024/08/09 22:48:00 logger.go:22: 已经存在
2024/08/09 22:48:00 logger.go:22: 已经存在
2024/08/09 22:48:00 logger.go:22: 已经存在
2024/08/09 22:48:00 logger.go:22: 已经存在
2024/08/09 22:48:00 logger.go:22: 已经存在
2024/08/09 22:48:00 logger.go:22: 已经存在
2024/08/09 22:48:00 logger.go:22: 已经存在
2024/08/09 22:48:00 logger.go:22: 已经存在
2024/08/09 22:48:00 logger.go:22: 已经存在
2024/08/09 22:48:00 logger.go:22: 已经存在
2024/08/09 22:48:00 logger.go:22: 已经存在
2024/08/09 22:48:00 logger.go:22: 已经存在
2024/08/09 22:48:00 logger.go:22: panic occurred: runtime error: index out of range [1] with length 0
2024/08/09 22:48:00 logger.go:22: 已经存在
2024/08/09 22:48:00 logger.go:22: 已经存在
2024/08/09 22:48:00 logger.go:22: 已经存在
2024/08/09 22:48:00 logger.go:22: 已经存在
2024/08/09 22:48:00 logger.go:22: 已经存在
2024/08/09 22:48:00 logger.go:22: 已经存在
2024/08/09 22:48:00 logger.go:22: 已经存在
2024/08/09 22:48:00 logger.go:22: 已经存在
2024/08/09 22:48:00 logger.go:22: 已经存在
2024/08/09 22:48:00 logger.go:22: 已经存在
2024/08/09 22:48:00 logger.go:22: 已经存在
2024/08/09 22:48:00 logger.go:22: 已经存在
2024/08/09 22:48:00 logger.go:22: 已经存在
2024/08/09 22:48:00 logger.go:22: 已经存在
2024/08/09 22:48:00 logger.go:22: panic occurred: runtime error: index out of range [1] with length 0
2024/08/09 22:48:00 logger.go:22: 已经存在
2024/08/09 22:48:00 logger.go:22: 已经存在
2024/08/09 22:48:00 logger.go:22: 已经存在
2024/08/09 22:48:00 logger.go:22: 已经存在
2024/08/09 22:48:00 logger.go:22: 已经存在
2024/08/09 22:48:00 logger.go:22: 已经存在
2024/08/09 22:48:00 logger.go:22: 已经存在
2024/08/09 22:48:00 logger.go:22: 已经存在
2024/08/09 22:48:00 logger.go:22: 已经存在
2024/08/09 22:48:00 logger.go:22: 已经存在
2024/08/09 22:48:00 logger.go:22: 已经存在
2024/08/09 22:48:01 logger.go:22: failed to get name
2024/08/09 22:48:01 logger.go:22: 已经存在
2024/08/09 22:48:01 logger.go:22: 已经存在
2024/08/09 22:48:01 logger.go:22: 已经存在
2024/08/09 22:48:01 logger.go:22: 已经存在
2024/08/09 22:48:01 logger.go:22: 已经存在
2024/08/09 22:48:01 logger.go:22: failed to get name
2024/08/09 22:48:01 logger.go:22: failed to get name
2024/08/09 22:48:01 logger.go:22: 已经存在
2024/08/09 22:48:01 logger.go:22: 已经存在
2024/08/09 22:48:01 logger.go:22: 已经存在
2024/08/09 22:48:01 logger.go:22: 已经存在
2024/08/09 22:48:01 logger.go:22: 已经存在
2024/08/09 22:48:01 logger.go:22: 已经存在
2024/08/09 22:48:01 logger.go:22: 已经存在
2024/08/09 22:48:01 logger.go:22: 已经存在
2024/08/09 22:48:01 logger.go:22: 已经存在
2024/08/09 22:48:01 logger.go:22: 已经存在
2024/08/09 22:48:01 logger.go:22: 已经存在
2024/08/09 22:48:01 logger.go:22: 已经存在
2024/08/09 22:48:01 logger.go:22: 已经存在
2024/08/09 22:48:01 logger.go:22: 已经存在
2024/08/09 22:48:01 logger.go:22: 已经存在
2024/08/09 22:48:01 logger.go:22: 已经存在
2024/08/09 22:48:01 logger.go:22: failed to get name
2024/08/09 22:48:01 logger.go:22: 已经存在
2024/08/09 22:48:01 logger.go:22: failed to get name
2024/08/09 22:48:01 logger.go:22: 已经存在
2024/08/09 22:48:01 logger.go:22: 已经存在
2024/08/09 22:48:01 logger.go:22: 已经存在
2024/08/09 22:48:01 logger.go:22: 已经存在
2024/08/09 22:48:01 logger.go:22: 已经存在
2024/08/09 22:48:01 logger.go:22: 已经存在
2024/08/09 22:48:01 logger.go:22: 已经存在
2024/08/09 22:48:01 logger.go:22: 已经存在
2024/08/09 22:48:01 logger.go:22: 已经存在
2024/08/09 22:48:01 logger.go:22: 已经存在
2024/08/09 22:48:01 logger.go:22: 已经存在
2024/08/09 22:48:01 logger.go:22: 已经存在
2024/08/09 22:48:01 logger.go:22: 已经存在
2024/08/09 22:48:01 logger.go:22: 已经存在
2024/08/09 22:48:01 logger.go:22: 已经存在
2024/08/09 22:48:01 logger.go:22: 已经存在
2024/08/09 22:48:01 logger.go:22: 已经存在
2024/08/09 22:48:01 logger.go:22: 已经存在
2024/08/09 22:48:01 logger.go:22: 已经存在
2024/08/09 22:48:01 logger.go:22: 已经存在
2024/08/09 22:48:01 logger.go:22: 已经存在
2024/08/09 22:48:01 logger.go:22: 已经存在
2024/08/09 22:48:01 logger.go:22: 已经存在
2024/08/09 22:48:01 logger.go:22: 已经存在
2024/08/09 22:48:01 logger.go:22: 已经存在
2024/08/09 22:48:01 logger.go:22: failed to get name
2024/08/09 22:48:01 logger.go:22: failed to get name
2024/08/09 22:48:01 logger.go:22: failed to get name
2024/08/09 22:48:01 logger.go:22: 已经存在
2024/08/09 22:48:01 logger.go:22: 已经存在
2024/08/09 22:48:01 logger.go:22: 已经存在
2024/08/09 22:48:01 logger.go:22: 已经存在
2024/08/09 22:48:01 logger.go:22: 已经存在
2024/08/09 22:48:01 logger.go:22: 已经存在
2024/08/09 22:48:01 logger.go:22: 已经存在
2024/08/09 22:48:01 logger.go:22: 已经存在
2024/08/09 22:48:01 logger.go:22: 已经存在
2024/08/09 22:48:01 logger.go:22: 已经存在
2024/08/09 22:48:01 logger.go:22: 已经存在
2024/08/09 22:48:01 logger.go:22: failed to get name
2024/08/09 22:48:02 logger.go:22: failed to get name
2024/08/09 22:48:02 logger.go:22: 已经存在
2024/08/09 22:48:02 logger.go:22: 已经存在
2024/08/09 22:48:02 logger.go:22: 已经存在
2024/08/09 22:48:02 logger.go:22: 已经存在
2024/08/09 22:48:02 logger.go:22: 已经存在
2024/08/09 22:48:02 logger.go:22: 已经存在
2024/08/09 22:48:02 logger.go:22: 已经存在
2024/08/09 22:48:02 logger.go:22: 已经存在
2024/08/09 22:48:02 logger.go:22: 已经存在
2024/08/09 22:48:02 logger.go:22: 已经存在
2024/08/09 22:48:02 logger.go:22: 已经存在
2024/08/09 22:48:02 logger.go:22: failed to get name
2024/08/09 22:48:02 logger.go:22: 已经存在
2024/08/09 22:48:02 logger.go:22: 已经存在
2024/08/09 22:48:02 logger.go:22: 已经存在
2024/08/09 22:48:02 logger.go:22: 已经存在
2024/08/09 22:48:02 logger.go:22: 已经存在
2024/08/09 22:48:02 logger.go:22: 已经存在
2024/08/09 22:48:02 logger.go:22: 已经存在
2024/08/09 22:48:02 logger.go:22: 已经存在
2024/08/09 22:48:02 logger.go:22: 已经存在
2024/08/09 22:48:02 logger.go:22: 已经存在
2024/08/09 22:48:02 logger.go:22: 已经存在
2024/08/09 22:48:02 logger.go:22: failed to get name
2024/08/09 22:48:02 logger.go:22: 已经存在
2024/08/09 22:48:02 logger.go:22: 已经存在
2024/08/09 22:48:02 logger.go:22: 已经存在
2024/08/09 22:48:02 logger.go:22: 已经存在
2024/08/09 22:48:02 logger.go:22: 已经存在
2024/08/09 22:48:02 logger.go:22: 已经存在
2024/08/09 22:48:02 logger.go:22: 已经存在
2024/08/09 22:48:02 logger.go:22: 已经存在
2024/08/09 22:48:02 logger.go:22: 已经存在
2024/08/09 22:48:02 logger.go:22: 已经存在
2024/08/09 22:48:02 logger.go:22: 已经存在
2024/08/09 22:48:02 logger.go:22: 已经存在
2024/08/09 22:48:02 logger.go:22: 已经存在
2024/08/09 22:48:02 logger.go:22: 已经存在
2024/08/09 22:48:02 logger.go:22: 已经存在
2024/08/09 22:48:02 logger.go:22: 已经存在
2024/08/09 22:48:02 logger.go:22: 已经存在
2024/08/09 22:48:02 logger.go:22: 已经存在
2024/08/09 22:48:02 logger.go:22: 已经存在
2024/08/09 22:48:02 logger.go:22: 已经存在
2024/08/09 22:48:02 logger.go:22: 已经存在
2024/08/09 22:48:02 logger.go:22: 已经存在
2024/08/09 22:48:02 logger.go:22: 已经存在
2024/08/09 22:48:02 logger.go:22: 已经存在
2024/08/09 22:48:02 logger.go:22: 已经存在
2024/08/09 22:48:02 logger.go:22: 已经存在
2024/08/09 22:48:02 logger.go:22: 已经存在
2024/08/09 22:48:02 logger.go:22: 已经存在
2024/08/09 22:48:02 logger.go:22: 已经存在
2024/08/09 22:48:02 logger.go:22: 已经存在
2024/08/09 22:48:02 logger.go:22: 已经存在
2024/08/09 22:48:02 logger.go:22: 已经存在
2024/08/09 22:48:02 logger.go:22: 已经存在
2024/08/09 22:50:00 logger.go:22: panic occurred: runtime error: index out of range [1] with length 0
2024/08/09 22:50:00 logger.go:22: 已经存在
2024/08/09 22:50:00 logger.go:22: 已经存在
2024/08/09 22:50:00 logger.go:22: 已经存在
2024/08/09 22:50:00 logger.go:22: 已经存在
2024/08/09 22:50:00 logger.go:22: 已经存在
2024/08/09 22:50:00 logger.go:22: 已经存在
2024/08/09 22:50:00 logger.go:22: 已经存在
2024/08/09 22:50:00 logger.go:22: 已经存在
2024/08/09 22:50:00 logger.go:22: 已经存在
2024/08/09 22:50:00 logger.go:22: 已经存在
2024/08/09 22:50:00 logger.go:22: 已经存在
2024/08/09 22:50:00 logger.go:22: failed to get name
2024/08/09 22:50:00 logger.go:22: 已经存在
2024/08/09 22:50:00 logger.go:22: 已经存在
2024/08/09 22:50:00 logger.go:22: 已经存在
2024/08/09 22:50:00 logger.go:22: 已经存在
2024/08/09 22:50:00 logger.go:22: 已经存在
2024/08/09 22:50:00 logger.go:22: 已经存在
2024/08/09 22:50:00 logger.go:22: 已经存在
2024/08/09 22:50:00 logger.go:22: 已经存在
2024/08/09 22:50:00 logger.go:22: 已经存在
2024/08/09 22:50:00 logger.go:22: 已经存在
2024/08/09 22:50:00 logger.go:22: 已经存在
2024/08/09 22:50:00 logger.go:22: 已经存在
2024/08/09 22:50:00 logger.go:22: 已经存在
2024/08/09 22:50:00 logger.go:22: failed to get name
2024/08/09 22:50:00 logger.go:22: 已经存在
2024/08/09 22:50:00 logger.go:22: 已经存在
2024/08/09 22:50:00 logger.go:22: 已经存在
2024/08/09 22:50:00 logger.go:22: 已经存在
2024/08/09 22:50:00 logger.go:22: 已经存在
2024/08/09 22:50:00 logger.go:22: 已经存在
2024/08/09 22:50:00 logger.go:22: 已经存在
2024/08/09 22:50:00 logger.go:22: 已经存在
2024/08/09 22:50:00 logger.go:22: 已经存在
2024/08/09 22:50:00 logger.go:22: 已经存在
2024/08/09 22:50:00 logger.go:22: 已经存在
2024/08/09 22:50:00 logger.go:22: 已经存在
2024/08/09 22:50:00 logger.go:22: panic occurred: runtime error: index out of range [1] with length 0
2024/08/09 22:50:00 logger.go:22: 已经存在
2024/08/09 22:50:00 logger.go:22: 已经存在
2024/08/09 22:50:00 logger.go:22: 已经存在
2024/08/09 22:50:00 logger.go:22: 已经存在
2024/08/09 22:50:00 logger.go:22: 已经存在
2024/08/09 22:50:00 logger.go:22: 已经存在
2024/08/09 22:50:00 logger.go:22: 已经存在
2024/08/09 22:50:00 logger.go:22: 已经存在
2024/08/09 22:50:00 logger.go:22: 已经存在
2024/08/09 22:50:00 logger.go:22: 已经存在
2024/08/09 22:50:00 logger.go:22: 已经存在
2024/08/09 22:50:00 logger.go:22: 已经存在
2024/08/09 22:50:00 logger.go:22: 已经存在
2024/08/09 22:50:00 logger.go:22: 已经存在
2024/08/09 22:50:00 logger.go:22: panic occurred: runtime error: index out of range [1] with length 0
2024/08/09 22:50:00 logger.go:22: 已经存在
2024/08/09 22:50:00 logger.go:22: 已经存在
2024/08/09 22:50:00 logger.go:22: 已经存在
2024/08/09 22:50:00 logger.go:22: 已经存在
2024/08/09 22:50:00 logger.go:22: 已经存在
2024/08/09 22:50:00 logger.go:22: 已经存在
2024/08/09 22:50:00 logger.go:22: 已经存在
2024/08/09 22:50:00 logger.go:22: 已经存在
2024/08/09 22:50:00 logger.go:22: 已经存在
2024/08/09 22:50:00 logger.go:22: 已经存在
2024/08/09 22:50:00 logger.go:22: 已经存在
2024/08/09 22:50:00 logger.go:22: failed to get name
2024/08/09 22:50:00 logger.go:22: 已经存在
2024/08/09 22:50:00 logger.go:22: 已经存在
2024/08/09 22:50:00 logger.go:22: 已经存在
2024/08/09 22:50:00 logger.go:22: 已经存在
2024/08/09 22:50:00 logger.go:22: 已经存在
2024/08/09 22:50:01 logger.go:22: failed to get name
2024/08/09 22:50:01 logger.go:22: failed to get name
2024/08/09 22:50:01 logger.go:22: 已经存在
2024/08/09 22:50:01 logger.go:22: 已经存在
2024/08/09 22:50:01 logger.go:22: 已经存在
2024/08/09 22:50:01 logger.go:22: 已经存在
2024/08/09 22:50:01 logger.go:22: 已经存在
2024/08/09 22:50:01 logger.go:22: 已经存在
2024/08/09 22:50:01 logger.go:22: 已经存在
2024/08/09 22:50:01 logger.go:22: 已经存在
2024/08/09 22:50:01 logger.go:22: 已经存在
2024/08/09 22:50:01 logger.go:22: 已经存在
2024/08/09 22:50:01 logger.go:22: 已经存在
2024/08/09 22:50:01 logger.go:22: 已经存在
2024/08/09 22:50:01 logger.go:22: 已经存在
2024/08/09 22:50:01 logger.go:22: 已经存在
2024/08/09 22:50:01 logger.go:22: 已经存在
2024/08/09 22:50:01 logger.go:22: 已经存在
2024/08/09 22:50:01 logger.go:22: failed to get name
2024/08/09 22:50:01 logger.go:22: 已经存在
2024/08/09 22:50:01 logger.go:22: failed to get name
2024/08/09 22:50:01 logger.go:22: 已经存在
2024/08/09 22:50:01 logger.go:22: 已经存在
2024/08/09 22:50:01 logger.go:22: 已经存在
2024/08/09 22:50:01 logger.go:22: 已经存在
2024/08/09 22:50:01 logger.go:22: 已经存在
2024/08/09 22:50:01 logger.go:22: 已经存在
2024/08/09 22:50:01 logger.go:22: 已经存在
2024/08/09 22:50:01 logger.go:22: 已经存在
2024/08/09 22:50:01 logger.go:22: 已经存在
2024/08/09 22:50:01 logger.go:22: 已经存在
2024/08/09 22:50:01 logger.go:22: 已经存在
2024/08/09 22:50:01 logger.go:22: 已经存在
2024/08/09 22:50:01 logger.go:22: 已经存在
2024/08/09 22:50:01 logger.go:22: 已经存在
2024/08/09 22:50:01 logger.go:22: 已经存在
2024/08/09 22:50:01 logger.go:22: 已经存在
2024/08/09 22:50:01 logger.go:22: 已经存在
2024/08/09 22:50:01 logger.go:22: 已经存在
2024/08/09 22:50:01 logger.go:22: 已经存在
2024/08/09 22:50:01 logger.go:22: 已经存在
2024/08/09 22:50:01 logger.go:22: 已经存在
2024/08/09 22:50:01 logger.go:22: 已经存在
2024/08/09 22:50:01 logger.go:22: 已经存在
2024/08/09 22:50:01 logger.go:22: 已经存在
2024/08/09 22:50:01 logger.go:22: 已经存在
2024/08/09 22:50:01 logger.go:22: failed to get name
2024/08/09 22:50:02 logger.go:22: failed to get name
2024/08/09 22:50:02 logger.go:22: failed to get name
2024/08/09 22:50:02 logger.go:22: 已经存在
2024/08/09 22:50:02 logger.go:22: 已经存在
2024/08/09 22:50:02 logger.go:22: 已经存在
2024/08/09 22:50:02 logger.go:22: 已经存在
2024/08/09 22:50:02 logger.go:22: 已经存在
2024/08/09 22:50:02 logger.go:22: 已经存在
2024/08/09 22:50:02 logger.go:22: 已经存在
2024/08/09 22:50:02 logger.go:22: 已经存在
2024/08/09 22:50:02 logger.go:22: 已经存在
2024/08/09 22:50:02 logger.go:22: 已经存在
2024/08/09 22:50:02 logger.go:22: 已经存在
2024/08/09 22:50:02 logger.go:22: failed to get name
2024/08/09 22:50:02 logger.go:22: failed to get name
2024/08/09 22:50:02 logger.go:22: 已经存在
2024/08/09 22:50:02 logger.go:22: 已经存在
2024/08/09 22:50:02 logger.go:22: 已经存在
2024/08/09 22:50:02 logger.go:22: 已经存在
2024/08/09 22:50:02 logger.go:22: 已经存在
2024/08/09 22:50:02 logger.go:22: 已经存在
2024/08/09 22:50:02 logger.go:22: 已经存在
2024/08/09 22:50:02 logger.go:22: 已经存在
2024/08/09 22:50:02 logger.go:22: 已经存在
2024/08/09 22:50:02 logger.go:22: 已经存在
2024/08/09 22:50:02 logger.go:22: 已经存在
2024/08/09 22:50:02 logger.go:22: failed to get name
2024/08/09 22:50:02 logger.go:22: 已经存在
2024/08/09 22:50:02 logger.go:22: 已经存在
2024/08/09 22:50:02 logger.go:22: 已经存在
2024/08/09 22:50:02 logger.go:22: 已经存在
2024/08/09 22:50:02 logger.go:22: 已经存在
2024/08/09 22:50:02 logger.go:22: 已经存在
2024/08/09 22:50:02 logger.go:22: 已经存在
2024/08/09 22:50:02 logger.go:22: 已经存在
2024/08/09 22:50:02 logger.go:22: 已经存在
2024/08/09 22:50:02 logger.go:22: 已经存在
2024/08/09 22:50:02 logger.go:22: 已经存在
2024/08/09 22:50:02 logger.go:22: failed to get name
2024/08/09 22:50:02 logger.go:22: 已经存在
2024/08/09 22:50:02 logger.go:22: 已经存在
2024/08/09 22:50:02 logger.go:22: 已经存在
2024/08/09 22:50:02 logger.go:22: 已经存在
2024/08/09 22:50:02 logger.go:22: 已经存在
2024/08/09 22:50:02 logger.go:22: 已经存在
2024/08/09 22:50:02 logger.go:22: 已经存在
2024/08/09 22:50:02 logger.go:22: 已经存在
2024/08/09 22:50:02 logger.go:22: 已经存在
2024/08/09 22:50:02 logger.go:22: 已经存在
2024/08/09 22:50:02 logger.go:22: 已经存在
2024/08/09 22:50:02 logger.go:22: 已经存在
2024/08/09 22:50:02 logger.go:22: 已经存在
2024/08/09 22:50:02 logger.go:22: 已经存在
2024/08/09 22:50:02 logger.go:22: 已经存在
2024/08/09 22:50:02 logger.go:22: 已经存在
2024/08/09 22:50:02 logger.go:22: 已经存在
2024/08/09 22:50:02 logger.go:22: 已经存在
2024/08/09 22:50:02 logger.go:22: 已经存在
2024/08/09 22:50:02 logger.go:22: 已经存在
2024/08/09 22:50:02 logger.go:22: 已经存在
2024/08/09 22:50:02 logger.go:22: 已经存在
2024/08/09 22:50:02 logger.go:22: 已经存在
2024/08/09 22:50:02 logger.go:22: 已经存在
2024/08/09 22:50:02 logger.go:22: 已经存在
2024/08/09 22:50:02 logger.go:22: 已经存在
2024/08/09 22:50:02 logger.go:22: 已经存在
2024/08/09 22:50:02 logger.go:22: 已经存在
2024/08/09 22:50:02 logger.go:22: 已经存在
2024/08/09 22:50:02 logger.go:22: 已经存在
2024/08/09 22:50:02 logger.go:22: 已经存在
2024/08/09 22:50:02 logger.go:22: 已经存在
2024/08/09 22:50:02 logger.go:22: 已经存在
2024/08/09 22:52:00 logger.go:22: panic occurred: runtime error: index out of range [1] with length 0
2024/08/09 22:52:00 logger.go:22: 已经存在
2024/08/09 22:52:00 logger.go:22: 已经存在
2024/08/09 22:52:00 logger.go:22: 已经存在
2024/08/09 22:52:00 logger.go:22: 已经存在
2024/08/09 22:52:00 logger.go:22: 已经存在
2024/08/09 22:52:00 logger.go:22: 已经存在
2024/08/09 22:52:00 logger.go:22: 已经存在
2024/08/09 22:52:00 logger.go:22: 已经存在
2024/08/09 22:52:00 logger.go:22: 已经存在
2024/08/09 22:52:00 logger.go:22: 已经存在
2024/08/09 22:52:00 logger.go:22: 已经存在
2024/08/09 22:52:00 logger.go:22: failed to get name
2024/08/09 22:52:00 logger.go:22: 已经存在
2024/08/09 22:52:00 logger.go:22: 已经存在
2024/08/09 22:52:00 logger.go:22: 已经存在
2024/08/09 22:52:00 logger.go:22: 已经存在
2024/08/09 22:52:00 logger.go:22: 已经存在
2024/08/09 22:52:00 logger.go:22: 已经存在
2024/08/09 22:52:00 logger.go:22: 已经存在
2024/08/09 22:52:00 logger.go:22: 已经存在
2024/08/09 22:52:00 logger.go:22: 已经存在
2024/08/09 22:52:00 logger.go:22: 已经存在
2024/08/09 22:52:00 logger.go:22: 已经存在
2024/08/09 22:52:00 logger.go:22: 已经存在
2024/08/09 22:52:00 logger.go:22: 已经存在
2024/08/09 22:52:00 logger.go:22: failed to get name
2024/08/09 22:52:00 logger.go:22: 已经存在
2024/08/09 22:52:00 logger.go:22: 已经存在
2024/08/09 22:52:00 logger.go:22: 已经存在
2024/08/09 22:52:00 logger.go:22: 已经存在
2024/08/09 22:52:00 logger.go:22: 已经存在
2024/08/09 22:52:00 logger.go:22: 已经存在
2024/08/09 22:52:00 logger.go:22: 已经存在
2024/08/09 22:52:00 logger.go:22: 已经存在
2024/08/09 22:52:00 logger.go:22: 已经存在
2024/08/09 22:52:00 logger.go:22: 已经存在
2024/08/09 22:52:00 logger.go:22: 已经存在
2024/08/09 22:52:00 logger.go:22: 已经存在
2024/08/09 22:52:00 logger.go:22: panic occurred: runtime error: index out of range [1] with length 0
2024/08/09 22:52:00 logger.go:22: 已经存在
2024/08/09 22:52:00 logger.go:22: 已经存在
2024/08/09 22:52:00 logger.go:22: 已经存在
2024/08/09 22:52:00 logger.go:22: 已经存在
2024/08/09 22:52:00 logger.go:22: 已经存在
2024/08/09 22:52:00 logger.go:22: 已经存在
2024/08/09 22:52:00 logger.go:22: 已经存在
2024/08/09 22:52:00 logger.go:22: 已经存在
2024/08/09 22:52:00 logger.go:22: 已经存在
2024/08/09 22:52:00 logger.go:22: 已经存在
2024/08/09 22:52:00 logger.go:22: 已经存在
2024/08/09 22:52:00 logger.go:22: 已经存在
2024/08/09 22:52:00 logger.go:22: 已经存在
2024/08/09 22:52:00 logger.go:22: 已经存在
2024/08/09 22:52:00 logger.go:22: panic occurred: runtime error: index out of range [1] with length 0
2024/08/09 22:52:00 logger.go:22: 已经存在
2024/08/09 22:52:00 logger.go:22: 已经存在
2024/08/09 22:52:00 logger.go:22: 已经存在
2024/08/09 22:52:00 logger.go:22: 已经存在
2024/08/09 22:52:00 logger.go:22: 已经存在
2024/08/09 22:52:00 logger.go:22: 已经存在
2024/08/09 22:52:00 logger.go:22: 已经存在
2024/08/09 22:52:00 logger.go:22: 已经存在
2024/08/09 22:52:00 logger.go:22: 已经存在
2024/08/09 22:52:00 logger.go:22: 已经存在
2024/08/09 22:52:00 logger.go:22: 已经存在
2024/08/09 22:52:01 logger.go:22: failed to get name
2024/08/09 22:52:01 logger.go:22: 已经存在
2024/08/09 22:52:01 logger.go:22: 已经存在
2024/08/09 22:52:01 logger.go:22: 已经存在
2024/08/09 22:52:01 logger.go:22: 已经存在
2024/08/09 22:52:01 logger.go:22: 已经存在
2024/08/09 22:52:01 logger.go:22: failed to get name
2024/08/09 22:52:01 logger.go:22: failed to get name
2024/08/09 22:52:01 logger.go:22: 已经存在
2024/08/09 22:52:01 logger.go:22: 已经存在
2024/08/09 22:52:01 logger.go:22: 已经存在
2024/08/09 22:52:01 logger.go:22: 已经存在
2024/08/09 22:52:01 logger.go:22: 已经存在
2024/08/09 22:52:01 logger.go:22: 已经存在
2024/08/09 22:52:01 logger.go:22: 已经存在
2024/08/09 22:52:01 logger.go:22: 已经存在
2024/08/09 22:52:01 logger.go:22: 已经存在
2024/08/09 22:52:01 logger.go:22: 已经存在
2024/08/09 22:52:01 logger.go:22: 已经存在
2024/08/09 22:52:01 logger.go:22: 已经存在
2024/08/09 22:52:01 logger.go:22: 已经存在
2024/08/09 22:52:01 logger.go:22: 已经存在
2024/08/09 22:52:01 logger.go:22: 已经存在
2024/08/09 22:52:01 logger.go:22: 已经存在
2024/08/09 22:52:01 logger.go:22: failed to get name
2024/08/09 22:52:01 logger.go:22: 已经存在
2024/08/09 22:52:01 logger.go:22: failed to get name
2024/08/09 22:52:01 logger.go:22: 已经存在
2024/08/09 22:52:01 logger.go:22: 已经存在
2024/08/09 22:52:01 logger.go:22: 已经存在
2024/08/09 22:52:01 logger.go:22: 已经存在
2024/08/09 22:52:01 logger.go:22: 已经存在
2024/08/09 22:52:01 logger.go:22: 已经存在
2024/08/09 22:52:01 logger.go:22: 已经存在
2024/08/09 22:52:01 logger.go:22: 已经存在
2024/08/09 22:52:01 logger.go:22: 已经存在
2024/08/09 22:52:01 logger.go:22: 已经存在
2024/08/09 22:52:01 logger.go:22: 已经存在
2024/08/09 22:52:01 logger.go:22: 已经存在
2024/08/09 22:52:01 logger.go:22: 已经存在
2024/08/09 22:52:01 logger.go:22: 已经存在
2024/08/09 22:52:01 logger.go:22: 已经存在
2024/08/09 22:52:01 logger.go:22: 已经存在
2024/08/09 22:52:01 logger.go:22: 已经存在
2024/08/09 22:52:01 logger.go:22: 已经存在
2024/08/09 22:52:01 logger.go:22: 已经存在
2024/08/09 22:52:01 logger.go:22: 已经存在
2024/08/09 22:52:01 logger.go:22: 已经存在
2024/08/09 22:52:01 logger.go:22: 已经存在
2024/08/09 22:52:01 logger.go:22: 已经存在
2024/08/09 22:52:01 logger.go:22: 已经存在
2024/08/09 22:52:01 logger.go:22: 已经存在
2024/08/09 22:52:02 logger.go:22: failed to get name
2024/08/09 22:52:02 logger.go:22: failed to get name
2024/08/09 22:52:02 logger.go:22: failed to get name
2024/08/09 22:52:02 logger.go:22: 已经存在
2024/08/09 22:52:02 logger.go:22: 已经存在
2024/08/09 22:52:02 logger.go:22: 已经存在
2024/08/09 22:52:02 logger.go:22: 已经存在
2024/08/09 22:52:02 logger.go:22: 已经存在
2024/08/09 22:52:02 logger.go:22: 已经存在
2024/08/09 22:52:02 logger.go:22: 已经存在
2024/08/09 22:52:02 logger.go:22: 已经存在
2024/08/09 22:52:02 logger.go:22: 已经存在
2024/08/09 22:52:02 logger.go:22: 已经存在
2024/08/09 22:52:02 logger.go:22: 已经存在
2024/08/09 22:52:02 logger.go:22: failed to get name
2024/08/09 22:52:02 logger.go:22: failed to get name
2024/08/09 22:52:02 logger.go:22: 已经存在
2024/08/09 22:52:02 logger.go:22: 已经存在
2024/08/09 22:52:02 logger.go:22: 已经存在
2024/08/09 22:52:02 logger.go:22: 已经存在
2024/08/09 22:52:02 logger.go:22: 已经存在
2024/08/09 22:52:02 logger.go:22: 已经存在
2024/08/09 22:52:02 logger.go:22: 已经存在
2024/08/09 22:52:02 logger.go:22: 已经存在
2024/08/09 22:52:02 logger.go:22: 已经存在
2024/08/09 22:52:02 logger.go:22: 已经存在
2024/08/09 22:52:02 logger.go:22: 已经存在
2024/08/09 22:52:02 logger.go:22: failed to get name
2024/08/09 22:52:02 logger.go:22: 已经存在
2024/08/09 22:52:02 logger.go:22: 已经存在
2024/08/09 22:52:02 logger.go:22: 已经存在
2024/08/09 22:52:02 logger.go:22: 已经存在
2024/08/09 22:52:02 logger.go:22: 已经存在
2024/08/09 22:52:02 logger.go:22: 已经存在
2024/08/09 22:52:02 logger.go:22: 已经存在
2024/08/09 22:52:02 logger.go:22: 已经存在
2024/08/09 22:52:02 logger.go:22: 已经存在
2024/08/09 22:52:02 logger.go:22: 已经存在
2024/08/09 22:52:02 logger.go:22: 已经存在
2024/08/09 22:52:02 logger.go:22: failed to get name
2024/08/09 22:52:02 logger.go:22: 已经存在
2024/08/09 22:52:02 logger.go:22: 已经存在
2024/08/09 22:52:02 logger.go:22: 已经存在
2024/08/09 22:52:02 logger.go:22: 已经存在
2024/08/09 22:52:02 logger.go:22: 已经存在
2024/08/09 22:52:02 logger.go:22: 已经存在
2024/08/09 22:52:02 logger.go:22: 已经存在
2024/08/09 22:52:02 logger.go:22: 已经存在
2024/08/09 22:52:02 logger.go:22: 已经存在
2024/08/09 22:52:02 logger.go:22: 已经存在
2024/08/09 22:52:02 logger.go:22: 已经存在
2024/08/09 22:52:02 logger.go:22: 已经存在
2024/08/09 22:52:02 logger.go:22: 已经存在
2024/08/09 22:52:02 logger.go:22: 已经存在
2024/08/09 22:52:02 logger.go:22: 已经存在
2024/08/09 22:52:02 logger.go:22: 已经存在
2024/08/09 22:52:02 logger.go:22: 已经存在
2024/08/09 22:52:02 logger.go:22: 已经存在
2024/08/09 22:52:02 logger.go:22: 已经存在
2024/08/09 22:52:02 logger.go:22: 已经存在
2024/08/09 22:52:02 logger.go:22: 已经存在
2024/08/09 22:52:02 logger.go:22: 已经存在
2024/08/09 22:52:02 logger.go:22: 已经存在
2024/08/09 22:52:02 logger.go:22: 已经存在
2024/08/09 22:52:02 logger.go:22: 已经存在
2024/08/09 22:52:02 logger.go:22: 已经存在
2024/08/09 22:52:02 logger.go:22: 已经存在
2024/08/09 22:52:02 logger.go:22: 已经存在
2024/08/09 22:52:02 logger.go:22: 已经存在
2024/08/09 22:52:02 logger.go:22: 已经存在
2024/08/09 22:52:02 logger.go:22: 已经存在
2024/08/09 22:52:02 logger.go:22: 已经存在
2024/08/09 22:52:02 logger.go:22: 已经存在
2024/08/09 22:54:00 logger.go:22: panic occurred: runtime error: index out of range [1] with length 0
2024/08/09 22:54:00 logger.go:22: 已经存在
2024/08/09 22:54:00 logger.go:22: 已经存在
2024/08/09 22:54:00 logger.go:22: 已经存在
2024/08/09 22:54:00 logger.go:22: 已经存在
2024/08/09 22:54:00 logger.go:22: 已经存在
2024/08/09 22:54:00 logger.go:22: 已经存在
2024/08/09 22:54:00 logger.go:22: 已经存在
2024/08/09 22:54:00 logger.go:22: 已经存在
2024/08/09 22:54:00 logger.go:22: 已经存在
2024/08/09 22:54:00 logger.go:22: 已经存在
2024/08/09 22:54:00 logger.go:22: 已经存在
2024/08/09 22:54:00 logger.go:22: failed to get name
2024/08/09 22:54:00 logger.go:22: 已经存在
2024/08/09 22:54:00 logger.go:22: 已经存在
2024/08/09 22:54:00 logger.go:22: 已经存在
2024/08/09 22:54:00 logger.go:22: 已经存在
2024/08/09 22:54:00 logger.go:22: 已经存在
2024/08/09 22:54:00 logger.go:22: 已经存在
2024/08/09 22:54:00 logger.go:22: 已经存在
2024/08/09 22:54:00 logger.go:22: 已经存在
2024/08/09 22:54:00 logger.go:22: 已经存在
2024/08/09 22:54:00 logger.go:22: 已经存在
2024/08/09 22:54:00 logger.go:22: 已经存在
2024/08/09 22:54:00 logger.go:22: 已经存在
2024/08/09 22:54:00 logger.go:22: 已经存在
2024/08/09 22:54:00 logger.go:22: failed to get name
2024/08/09 22:54:00 logger.go:22: 已经存在
2024/08/09 22:54:00 logger.go:22: 已经存在
2024/08/09 22:54:00 logger.go:22: 已经存在
2024/08/09 22:54:00 logger.go:22: 已经存在
2024/08/09 22:54:00 logger.go:22: 已经存在
2024/08/09 22:54:00 logger.go:22: 已经存在
2024/08/09 22:54:00 logger.go:22: 已经存在
2024/08/09 22:54:00 logger.go:22: 已经存在
2024/08/09 22:54:00 logger.go:22: 已经存在
2024/08/09 22:54:00 logger.go:22: 已经存在
2024/08/09 22:54:00 logger.go:22: 已经存在
2024/08/09 22:54:00 logger.go:22: 已经存在
2024/08/09 22:54:00 logger.go:22: panic occurred: runtime error: index out of range [1] with length 0
2024/08/09 22:54:00 logger.go:22: 已经存在
2024/08/09 22:54:00 logger.go:22: 已经存在
2024/08/09 22:54:00 logger.go:22: 已经存在
2024/08/09 22:54:00 logger.go:22: 已经存在
2024/08/09 22:54:00 logger.go:22: 已经存在
2024/08/09 22:54:00 logger.go:22: 已经存在
2024/08/09 22:54:00 logger.go:22: 已经存在
2024/08/09 22:54:00 logger.go:22: 已经存在
2024/08/09 22:54:00 logger.go:22: 已经存在
2024/08/09 22:54:00 logger.go:22: 已经存在
2024/08/09 22:54:00 logger.go:22: 已经存在
2024/08/09 22:54:00 logger.go:22: 已经存在
2024/08/09 22:54:00 logger.go:22: 已经存在
2024/08/09 22:54:00 logger.go:22: 已经存在
2024/08/09 22:54:00 logger.go:22: panic occurred: runtime error: index out of range [1] with length 0
2024/08/09 22:54:00 logger.go:22: 已经存在
2024/08/09 22:54:00 logger.go:22: 已经存在
2024/08/09 22:54:00 logger.go:22: 已经存在
2024/08/09 22:54:00 logger.go:22: 已经存在
2024/08/09 22:54:00 logger.go:22: 已经存在
2024/08/09 22:54:00 logger.go:22: 已经存在
2024/08/09 22:54:00 logger.go:22: 已经存在
2024/08/09 22:54:00 logger.go:22: 已经存在
2024/08/09 22:54:00 logger.go:22: 已经存在
2024/08/09 22:54:00 logger.go:22: 已经存在
2024/08/09 22:54:00 logger.go:22: 已经存在
2024/08/09 22:54:01 logger.go:22: failed to get name
2024/08/09 22:54:01 logger.go:22: 已经存在
2024/08/09 22:54:01 logger.go:22: 已经存在
2024/08/09 22:54:01 logger.go:22: 已经存在
2024/08/09 22:54:01 logger.go:22: 已经存在
2024/08/09 22:54:01 logger.go:22: 已经存在
2024/08/09 22:54:01 logger.go:22: failed to get name
2024/08/09 22:54:01 logger.go:22: failed to get name
2024/08/09 22:54:01 logger.go:22: 已经存在
2024/08/09 22:54:01 logger.go:22: 已经存在
2024/08/09 22:54:01 logger.go:22: 已经存在
2024/08/09 22:54:01 logger.go:22: 已经存在
2024/08/09 22:54:01 logger.go:22: 已经存在
2024/08/09 22:54:01 logger.go:22: 已经存在
2024/08/09 22:54:01 logger.go:22: 已经存在
2024/08/09 22:54:01 logger.go:22: 已经存在
2024/08/09 22:54:01 logger.go:22: 已经存在
2024/08/09 22:54:01 logger.go:22: 已经存在
2024/08/09 22:54:01 logger.go:22: 已经存在
2024/08/09 22:54:01 logger.go:22: 已经存在
2024/08/09 22:54:01 logger.go:22: 已经存在
2024/08/09 22:54:01 logger.go:22: 已经存在
2024/08/09 22:54:01 logger.go:22: 已经存在
2024/08/09 22:54:01 logger.go:22: 已经存在
2024/08/09 22:54:01 logger.go:22: failed to get name
2024/08/09 22:54:01 logger.go:22: 已经存在
2024/08/09 22:54:01 logger.go:22: failed to get name
2024/08/09 22:54:01 logger.go:22: 已经存在
2024/08/09 22:54:01 logger.go:22: 已经存在
2024/08/09 22:54:01 logger.go:22: 已经存在
2024/08/09 22:54:01 logger.go:22: 已经存在
2024/08/09 22:54:01 logger.go:22: 已经存在
2024/08/09 22:54:01 logger.go:22: 已经存在
2024/08/09 22:54:01 logger.go:22: 已经存在
2024/08/09 22:54:01 logger.go:22: 已经存在
2024/08/09 22:54:01 logger.go:22: 已经存在
2024/08/09 22:54:01 logger.go:22: 已经存在
2024/08/09 22:54:01 logger.go:22: 已经存在
2024/08/09 22:54:01 logger.go:22: 已经存在
2024/08/09 22:54:01 logger.go:22: 已经存在
2024/08/09 22:54:01 logger.go:22: 已经存在
2024/08/09 22:54:01 logger.go:22: 已经存在
2024/08/09 22:54:01 logger.go:22: 已经存在
2024/08/09 22:54:01 logger.go:22: 已经存在
2024/08/09 22:54:01 logger.go:22: 已经存在
2024/08/09 22:54:01 logger.go:22: 已经存在
2024/08/09 22:54:01 logger.go:22: 已经存在
2024/08/09 22:54:01 logger.go:22: 已经存在
2024/08/09 22:54:01 logger.go:22: 已经存在
2024/08/09 22:54:01 logger.go:22: 已经存在
2024/08/09 22:54:01 logger.go:22: 已经存在
2024/08/09 22:54:01 logger.go:22: 已经存在
2024/08/09 22:54:01 logger.go:22: failed to get name
2024/08/09 22:54:01 logger.go:22: failed to get name
2024/08/09 22:54:01 logger.go:22: failed to get name
2024/08/09 22:54:01 logger.go:22: 已经存在
2024/08/09 22:54:01 logger.go:22: 已经存在
2024/08/09 22:54:01 logger.go:22: 已经存在
2024/08/09 22:54:01 logger.go:22: 已经存在
2024/08/09 22:54:01 logger.go:22: 已经存在
2024/08/09 22:54:01 logger.go:22: 已经存在
2024/08/09 22:54:01 logger.go:22: 已经存在
2024/08/09 22:54:01 logger.go:22: 已经存在
2024/08/09 22:54:01 logger.go:22: 已经存在
2024/08/09 22:54:01 logger.go:22: 已经存在
2024/08/09 22:54:01 logger.go:22: 已经存在
2024/08/09 22:54:01 logger.go:22: failed to get name
2024/08/09 22:54:02 logger.go:22: failed to get name
2024/08/09 22:54:02 logger.go:22: 已经存在
2024/08/09 22:54:02 logger.go:22: 已经存在
2024/08/09 22:54:02 logger.go:22: 已经存在
2024/08/09 22:54:02 logger.go:22: 已经存在
2024/08/09 22:54:02 logger.go:22: 已经存在
2024/08/09 22:54:02 logger.go:22: 已经存在
2024/08/09 22:54:02 logger.go:22: 已经存在
2024/08/09 22:54:02 logger.go:22: 已经存在
2024/08/09 22:54:02 logger.go:22: 已经存在
2024/08/09 22:54:02 logger.go:22: 已经存在
2024/08/09 22:54:02 logger.go:22: 已经存在
2024/08/09 22:54:02 logger.go:22: failed to get name
2024/08/09 22:54:02 logger.go:22: 已经存在
2024/08/09 22:54:02 logger.go:22: 已经存在
2024/08/09 22:54:02 logger.go:22: 已经存在
2024/08/09 22:54:02 logger.go:22: 已经存在
2024/08/09 22:54:02 logger.go:22: 已经存在
2024/08/09 22:54:02 logger.go:22: 已经存在
2024/08/09 22:54:02 logger.go:22: 已经存在
2024/08/09 22:54:02 logger.go:22: 已经存在
2024/08/09 22:54:02 logger.go:22: 已经存在
2024/08/09 22:54:02 logger.go:22: 已经存在
2024/08/09 22:54:02 logger.go:22: 已经存在
2024/08/09 22:54:02 logger.go:22: failed to get name
2024/08/09 22:54:02 logger.go:22: 已经存在
2024/08/09 22:54:02 logger.go:22: 已经存在
2024/08/09 22:54:02 logger.go:22: 已经存在
2024/08/09 22:54:02 logger.go:22: 已经存在
2024/08/09 22:54:02 logger.go:22: 已经存在
2024/08/09 22:54:02 logger.go:22: 已经存在
2024/08/09 22:54:02 logger.go:22: 已经存在
2024/08/09 22:54:02 logger.go:22: 已经存在
2024/08/09 22:54:02 logger.go:22: 已经存在
2024/08/09 22:54:02 logger.go:22: 已经存在
2024/08/09 22:54:02 logger.go:22: 已经存在
2024/08/09 22:54:02 logger.go:22: 已经存在
2024/08/09 22:54:02 logger.go:22: 已经存在
2024/08/09 22:54:02 logger.go:22: 已经存在
2024/08/09 22:54:02 logger.go:22: 已经存在
2024/08/09 22:54:02 logger.go:22: 已经存在
2024/08/09 22:54:02 logger.go:22: 已经存在
2024/08/09 22:54:02 logger.go:22: 已经存在
2024/08/09 22:54:02 logger.go:22: 已经存在
2024/08/09 22:54:02 logger.go:22: 已经存在
2024/08/09 22:54:02 logger.go:22: 已经存在
2024/08/09 22:54:02 logger.go:22: 已经存在
2024/08/09 22:54:02 logger.go:22: 已经存在
2024/08/09 22:54:02 logger.go:22: 已经存在
2024/08/09 22:54:02 logger.go:22: 已经存在
2024/08/09 22:54:02 logger.go:22: 已经存在
2024/08/09 22:54:02 logger.go:22: 已经存在
2024/08/09 22:54:02 logger.go:22: 已经存在
2024/08/09 22:54:02 logger.go:22: 已经存在
2024/08/09 22:54:02 logger.go:22: 已经存在
2024/08/09 22:54:02 logger.go:22: 已经存在
2024/08/09 22:54:02 logger.go:22: 已经存在
2024/08/09 22:54:02 logger.go:22: 已经存在
2024/08/09 22:56:00 logger.go:22: panic occurred: runtime error: index out of range [1] with length 0
2024/08/09 22:56:00 logger.go:22: 已经存在
2024/08/09 22:56:00 logger.go:22: 已经存在
2024/08/09 22:56:00 logger.go:22: 已经存在
2024/08/09 22:56:00 logger.go:22: 已经存在
2024/08/09 22:56:00 logger.go:22: 已经存在
2024/08/09 22:56:00 logger.go:22: 已经存在
2024/08/09 22:56:00 logger.go:22: 已经存在
2024/08/09 22:56:00 logger.go:22: 已经存在
2024/08/09 22:56:00 logger.go:22: 已经存在
2024/08/09 22:56:00 logger.go:22: 已经存在
2024/08/09 22:56:00 logger.go:22: 已经存在
2024/08/09 22:56:00 logger.go:22: failed to get name
2024/08/09 22:56:00 logger.go:22: 已经存在
2024/08/09 22:56:00 logger.go:22: 已经存在
2024/08/09 22:56:00 logger.go:22: 已经存在
2024/08/09 22:56:00 logger.go:22: 已经存在
2024/08/09 22:56:00 logger.go:22: 已经存在
2024/08/09 22:56:00 logger.go:22: 已经存在
2024/08/09 22:56:00 logger.go:22: 已经存在
2024/08/09 22:56:00 logger.go:22: 已经存在
2024/08/09 22:56:00 logger.go:22: 已经存在
2024/08/09 22:56:00 logger.go:22: 已经存在
2024/08/09 22:56:00 logger.go:22: 已经存在
2024/08/09 22:56:00 logger.go:22: 已经存在
2024/08/09 22:56:00 logger.go:22: 已经存在
2024/08/09 22:56:00 logger.go:22: failed to get name
2024/08/09 22:56:00 logger.go:22: 已经存在
2024/08/09 22:56:00 logger.go:22: 已经存在
2024/08/09 22:56:00 logger.go:22: 已经存在
2024/08/09 22:56:00 logger.go:22: 已经存在
2024/08/09 22:56:00 logger.go:22: 已经存在
2024/08/09 22:56:00 logger.go:22: 已经存在
2024/08/09 22:56:00 logger.go:22: 已经存在
2024/08/09 22:56:00 logger.go:22: 已经存在
2024/08/09 22:56:00 logger.go:22: 已经存在
2024/08/09 22:56:00 logger.go:22: 已经存在
2024/08/09 22:56:00 logger.go:22: 已经存在
2024/08/09 22:56:00 logger.go:22: 已经存在
2024/08/09 22:56:00 logger.go:22: panic occurred: runtime error: index out of range [1] with length 0
2024/08/09 22:56:00 logger.go:22: 已经存在
2024/08/09 22:56:00 logger.go:22: 已经存在
2024/08/09 22:56:00 logger.go:22: 已经存在
2024/08/09 22:56:00 logger.go:22: 已经存在
2024/08/09 22:56:00 logger.go:22: 已经存在
2024/08/09 22:56:00 logger.go:22: 已经存在
2024/08/09 22:56:00 logger.go:22: 已经存在
2024/08/09 22:56:00 logger.go:22: 已经存在
2024/08/09 22:56:00 logger.go:22: 已经存在
2024/08/09 22:56:00 logger.go:22: 已经存在
2024/08/09 22:56:00 logger.go:22: 已经存在
2024/08/09 22:56:00 logger.go:22: 已经存在
2024/08/09 22:56:00 logger.go:22: 已经存在
2024/08/09 22:56:00 logger.go:22: 已经存在
2024/08/09 22:56:00 logger.go:22: panic occurred: runtime error: index out of range [1] with length 0
2024/08/09 22:56:00 logger.go:22: 已经存在
2024/08/09 22:56:00 logger.go:22: 已经存在
2024/08/09 22:56:00 logger.go:22: 已经存在
2024/08/09 22:56:00 logger.go:22: 已经存在
2024/08/09 22:56:00 logger.go:22: 已经存在
2024/08/09 22:56:00 logger.go:22: 已经存在
2024/08/09 22:56:00 logger.go:22: 已经存在
2024/08/09 22:56:00 logger.go:22: 已经存在
2024/08/09 22:56:00 logger.go:22: 已经存在
2024/08/09 22:56:00 logger.go:22: 已经存在
2024/08/09 22:56:00 logger.go:22: 已经存在
2024/08/09 22:56:00 logger.go:22: failed to get name
2024/08/09 22:56:00 logger.go:22: 已经存在
2024/08/09 22:56:00 logger.go:22: 已经存在
2024/08/09 22:56:00 logger.go:22: 已经存在
2024/08/09 22:56:00 logger.go:22: 已经存在
2024/08/09 22:56:00 logger.go:22: 已经存在
2024/08/09 22:56:01 logger.go:22: failed to get name
2024/08/09 22:56:01 logger.go:22: failed to get name
2024/08/09 22:56:01 logger.go:22: 已经存在
2024/08/09 22:56:01 logger.go:22: 已经存在
2024/08/09 22:56:01 logger.go:22: 已经存在
2024/08/09 22:56:01 logger.go:22: 已经存在
2024/08/09 22:56:01 logger.go:22: 已经存在
2024/08/09 22:56:01 logger.go:22: 已经存在
2024/08/09 22:56:01 logger.go:22: 已经存在
2024/08/09 22:56:01 logger.go:22: 已经存在
2024/08/09 22:56:01 logger.go:22: 已经存在
2024/08/09 22:56:01 logger.go:22: 已经存在
2024/08/09 22:56:01 logger.go:22: 已经存在
2024/08/09 22:56:01 logger.go:22: 已经存在
2024/08/09 22:56:01 logger.go:22: 已经存在
2024/08/09 22:56:01 logger.go:22: 已经存在
2024/08/09 22:56:01 logger.go:22: 已经存在
2024/08/09 22:56:01 logger.go:22: 已经存在
2024/08/09 22:56:01 logger.go:22: failed to get name
2024/08/09 22:56:01 logger.go:22: 已经存在
2024/08/09 22:56:01 logger.go:22: failed to get name
2024/08/09 22:56:01 logger.go:22: 已经存在
2024/08/09 22:56:01 logger.go:22: 已经存在
2024/08/09 22:56:01 logger.go:22: 已经存在
2024/08/09 22:56:01 logger.go:22: 已经存在
2024/08/09 22:56:01 logger.go:22: 已经存在
2024/08/09 22:56:01 logger.go:22: 已经存在
2024/08/09 22:56:01 logger.go:22: 已经存在
2024/08/09 22:56:01 logger.go:22: 已经存在
2024/08/09 22:56:01 logger.go:22: 已经存在
2024/08/09 22:56:01 logger.go:22: 已经存在
2024/08/09 22:56:01 logger.go:22: 已经存在
2024/08/09 22:56:01 logger.go:22: 已经存在
2024/08/09 22:56:01 logger.go:22: 已经存在
2024/08/09 22:56:01 logger.go:22: 已经存在
2024/08/09 22:56:01 logger.go:22: 已经存在
2024/08/09 22:56:01 logger.go:22: 已经存在
2024/08/09 22:56:01 logger.go:22: 已经存在
2024/08/09 22:56:01 logger.go:22: 已经存在
2024/08/09 22:56:01 logger.go:22: 已经存在
2024/08/09 22:56:01 logger.go:22: 已经存在
2024/08/09 22:56:01 logger.go:22: 已经存在
2024/08/09 22:56:01 logger.go:22: 已经存在
2024/08/09 22:56:01 logger.go:22: 已经存在
2024/08/09 22:56:01 logger.go:22: 已经存在
2024/08/09 22:56:01 logger.go:22: 已经存在
2024/08/09 22:56:01 logger.go:22: failed to get name
2024/08/09 22:56:01 logger.go:22: failed to get name
2024/08/09 22:56:01 logger.go:22: failed to get name
2024/08/09 22:56:01 logger.go:22: 已经存在
2024/08/09 22:56:01 logger.go:22: 已经存在
2024/08/09 22:56:01 logger.go:22: 已经存在
2024/08/09 22:56:01 logger.go:22: 已经存在
2024/08/09 22:56:01 logger.go:22: 已经存在
2024/08/09 22:56:01 logger.go:22: 已经存在
2024/08/09 22:56:01 logger.go:22: 已经存在
2024/08/09 22:56:01 logger.go:22: 已经存在
2024/08/09 22:56:01 logger.go:22: 已经存在
2024/08/09 22:56:01 logger.go:22: 已经存在
2024/08/09 22:56:01 logger.go:22: 已经存在
2024/08/09 22:56:01 logger.go:22: failed to get name
2024/08/09 22:56:02 logger.go:22: failed to get name
2024/08/09 22:56:02 logger.go:22: 已经存在
2024/08/09 22:56:02 logger.go:22: 已经存在
2024/08/09 22:56:02 logger.go:22: 已经存在
2024/08/09 22:56:02 logger.go:22: 已经存在
2024/08/09 22:56:02 logger.go:22: 已经存在
2024/08/09 22:56:02 logger.go:22: 已经存在
2024/08/09 22:56:02 logger.go:22: 已经存在
2024/08/09 22:56:02 logger.go:22: 已经存在
2024/08/09 22:56:02 logger.go:22: 已经存在
2024/08/09 22:56:02 logger.go:22: 已经存在
2024/08/09 22:56:02 logger.go:22: 已经存在
2024/08/09 22:56:02 logger.go:22: failed to get name
2024/08/09 22:56:02 logger.go:22: 已经存在
2024/08/09 22:56:02 logger.go:22: 已经存在
2024/08/09 22:56:02 logger.go:22: 已经存在
2024/08/09 22:56:02 logger.go:22: 已经存在
2024/08/09 22:56:02 logger.go:22: 已经存在
2024/08/09 22:56:02 logger.go:22: 已经存在
2024/08/09 22:56:02 logger.go:22: 已经存在
2024/08/09 22:56:02 logger.go:22: 已经存在
2024/08/09 22:56:02 logger.go:22: 已经存在
2024/08/09 22:56:02 logger.go:22: 已经存在
2024/08/09 22:56:02 logger.go:22: 已经存在
2024/08/09 22:56:02 logger.go:22: failed to get name
2024/08/09 22:56:02 logger.go:22: 已经存在
2024/08/09 22:56:02 logger.go:22: 已经存在
2024/08/09 22:56:02 logger.go:22: 已经存在
2024/08/09 22:56:02 logger.go:22: 已经存在
2024/08/09 22:56:02 logger.go:22: 已经存在
2024/08/09 22:56:02 logger.go:22: 已经存在
2024/08/09 22:56:02 logger.go:22: 已经存在
2024/08/09 22:56:02 logger.go:22: 已经存在
2024/08/09 22:56:02 logger.go:22: 已经存在
2024/08/09 22:56:02 logger.go:22: 已经存在
2024/08/09 22:56:02 logger.go:22: 已经存在
2024/08/09 22:56:02 logger.go:22: 已经存在
2024/08/09 22:56:02 logger.go:22: 已经存在
2024/08/09 22:56:02 logger.go:22: 已经存在
2024/08/09 22:56:02 logger.go:22: 已经存在
2024/08/09 22:56:02 logger.go:22: 已经存在
2024/08/09 22:56:02 logger.go:22: 已经存在
2024/08/09 22:56:02 logger.go:22: 已经存在
2024/08/09 22:56:02 logger.go:22: 已经存在
2024/08/09 22:56:02 logger.go:22: 已经存在
2024/08/09 22:56:02 logger.go:22: 已经存在
2024/08/09 22:56:02 logger.go:22: 已经存在
2024/08/09 22:56:02 logger.go:22: 已经存在
2024/08/09 22:56:02 logger.go:22: 已经存在
2024/08/09 22:56:02 logger.go:22: 已经存在
2024/08/09 22:56:02 logger.go:22: 已经存在
2024/08/09 22:56:02 logger.go:22: 已经存在
2024/08/09 22:56:02 logger.go:22: 已经存在
2024/08/09 22:56:02 logger.go:22: 已经存在
2024/08/09 22:56:02 logger.go:22: 已经存在
2024/08/09 22:56:02 logger.go:22: 已经存在
2024/08/09 22:56:02 logger.go:22: 已经存在
2024/08/09 22:56:02 logger.go:22: 已经存在
2024/08/09 22:58:00 logger.go:22: panic occurred: runtime error: index out of range [1] with length 0
2024/08/09 22:58:00 logger.go:22: 已经存在
2024/08/09 22:58:00 logger.go:22: 已经存在
2024/08/09 22:58:00 logger.go:22: 已经存在
2024/08/09 22:58:00 logger.go:22: 已经存在
2024/08/09 22:58:00 logger.go:22: 已经存在
2024/08/09 22:58:00 logger.go:22: 已经存在
2024/08/09 22:58:00 logger.go:22: 已经存在
2024/08/09 22:58:00 logger.go:22: 已经存在
2024/08/09 22:58:00 logger.go:22: 已经存在
2024/08/09 22:58:00 logger.go:22: 已经存在
2024/08/09 22:58:00 logger.go:22: 已经存在
2024/08/09 22:58:00 logger.go:22: failed to get name
2024/08/09 22:58:00 logger.go:22: 已经存在
2024/08/09 22:58:00 logger.go:22: 已经存在
2024/08/09 22:58:00 logger.go:22: 已经存在
2024/08/09 22:58:00 logger.go:22: 已经存在
2024/08/09 22:58:00 logger.go:22: 已经存在
2024/08/09 22:58:00 logger.go:22: 已经存在
2024/08/09 22:58:00 logger.go:22: 已经存在
2024/08/09 22:58:00 logger.go:22: 已经存在
2024/08/09 22:58:00 logger.go:22: 已经存在
2024/08/09 22:58:00 logger.go:22: 已经存在
2024/08/09 22:58:00 logger.go:22: 已经存在
2024/08/09 22:58:00 logger.go:22: 已经存在
2024/08/09 22:58:00 logger.go:22: 已经存在
2024/08/09 22:58:00 logger.go:22: failed to get name
2024/08/09 22:58:00 logger.go:22: 已经存在
2024/08/09 22:58:00 logger.go:22: 已经存在
2024/08/09 22:58:00 logger.go:22: 已经存在
2024/08/09 22:58:00 logger.go:22: 已经存在
2024/08/09 22:58:00 logger.go:22: 已经存在
2024/08/09 22:58:00 logger.go:22: 已经存在
2024/08/09 22:58:00 logger.go:22: 已经存在
2024/08/09 22:58:00 logger.go:22: 已经存在
2024/08/09 22:58:00 logger.go:22: 已经存在
2024/08/09 22:58:00 logger.go:22: 已经存在
2024/08/09 22:58:00 logger.go:22: 已经存在
2024/08/09 22:58:00 logger.go:22: 已经存在
2024/08/09 22:58:00 logger.go:22: panic occurred: runtime error: index out of range [1] with length 0
2024/08/09 22:58:00 logger.go:22: 已经存在
2024/08/09 22:58:00 logger.go:22: 已经存在
2024/08/09 22:58:00 logger.go:22: 已经存在
2024/08/09 22:58:00 logger.go:22: 已经存在
2024/08/09 22:58:00 logger.go:22: 已经存在
2024/08/09 22:58:00 logger.go:22: 已经存在
2024/08/09 22:58:00 logger.go:22: 已经存在
2024/08/09 22:58:00 logger.go:22: 已经存在
2024/08/09 22:58:00 logger.go:22: 已经存在
2024/08/09 22:58:00 logger.go:22: 已经存在
2024/08/09 22:58:00 logger.go:22: 已经存在
2024/08/09 22:58:00 logger.go:22: 已经存在
2024/08/09 22:58:00 logger.go:22: 已经存在
2024/08/09 22:58:00 logger.go:22: 已经存在
2024/08/09 22:58:00 logger.go:22: panic occurred: runtime error: index out of range [1] with length 0
2024/08/09 22:58:00 logger.go:22: 已经存在
2024/08/09 22:58:00 logger.go:22: 已经存在
2024/08/09 22:58:00 logger.go:22: 已经存在
2024/08/09 22:58:00 logger.go:22: 已经存在
2024/08/09 22:58:00 logger.go:22: 已经存在
2024/08/09 22:58:00 logger.go:22: 已经存在
2024/08/09 22:58:00 logger.go:22: 已经存在
2024/08/09 22:58:00 logger.go:22: 已经存在
2024/08/09 22:58:00 logger.go:22: 已经存在
2024/08/09 22:58:00 logger.go:22: 已经存在
2024/08/09 22:58:00 logger.go:22: 已经存在
2024/08/09 22:58:00 logger.go:22: failed to get name
2024/08/09 22:58:00 logger.go:22: 已经存在
2024/08/09 22:58:00 logger.go:22: 已经存在
2024/08/09 22:58:00 logger.go:22: 已经存在
2024/08/09 22:58:00 logger.go:22: 已经存在
2024/08/09 22:58:00 logger.go:22: 已经存在
2024/08/09 22:58:01 logger.go:22: failed to get name
2024/08/09 22:58:01 logger.go:22: failed to get name
2024/08/09 22:58:01 logger.go:22: 已经存在
2024/08/09 22:58:01 logger.go:22: 已经存在
2024/08/09 22:58:01 logger.go:22: 已经存在
2024/08/09 22:58:01 logger.go:22: 已经存在
2024/08/09 22:58:01 logger.go:22: 已经存在
2024/08/09 22:58:01 logger.go:22: 已经存在
2024/08/09 22:58:01 logger.go:22: 已经存在
2024/08/09 22:58:01 logger.go:22: 已经存在
2024/08/09 22:58:01 logger.go:22: 已经存在
2024/08/09 22:58:01 logger.go:22: 已经存在
2024/08/09 22:58:01 logger.go:22: 已经存在
2024/08/09 22:58:01 logger.go:22: 已经存在
2024/08/09 22:58:01 logger.go:22: 已经存在
2024/08/09 22:58:01 logger.go:22: 已经存在
2024/08/09 22:58:01 logger.go:22: 已经存在
2024/08/09 22:58:01 logger.go:22: 已经存在
2024/08/09 22:58:01 logger.go:22: failed to get name
2024/08/09 22:58:01 logger.go:22: 已经存在
2024/08/09 22:58:01 logger.go:22: failed to get name
2024/08/09 22:58:01 logger.go:22: 已经存在
2024/08/09 22:58:01 logger.go:22: 已经存在
2024/08/09 22:58:01 logger.go:22: 已经存在
2024/08/09 22:58:01 logger.go:22: 已经存在
2024/08/09 22:58:01 logger.go:22: 已经存在
2024/08/09 22:58:01 logger.go:22: 已经存在
2024/08/09 22:58:01 logger.go:22: 已经存在
2024/08/09 22:58:01 logger.go:22: 已经存在
2024/08/09 22:58:01 logger.go:22: 已经存在
2024/08/09 22:58:01 logger.go:22: 已经存在
2024/08/09 22:58:01 logger.go:22: 已经存在
2024/08/09 22:58:01 logger.go:22: 已经存在
2024/08/09 22:58:01 logger.go:22: 已经存在
2024/08/09 22:58:01 logger.go:22: 已经存在
2024/08/09 22:58:01 logger.go:22: 已经存在
2024/08/09 22:58:01 logger.go:22: 已经存在
2024/08/09 22:58:01 logger.go:22: 已经存在
2024/08/09 22:58:01 logger.go:22: 已经存在
2024/08/09 22:58:01 logger.go:22: 已经存在
2024/08/09 22:58:01 logger.go:22: 已经存在
2024/08/09 22:58:01 logger.go:22: 已经存在
2024/08/09 22:58:01 logger.go:22: 已经存在
2024/08/09 22:58:01 logger.go:22: 已经存在
2024/08/09 22:58:01 logger.go:22: 已经存在
2024/08/09 22:58:01 logger.go:22: 已经存在
2024/08/09 22:58:01 logger.go:22: failed to get name
2024/08/09 22:58:01 logger.go:22: failed to get name
2024/08/09 22:58:01 logger.go:22: failed to get name
2024/08/09 22:58:01 logger.go:22: 已经存在
2024/08/09 22:58:01 logger.go:22: 已经存在
2024/08/09 22:58:01 logger.go:22: 已经存在
2024/08/09 22:58:01 logger.go:22: 已经存在
2024/08/09 22:58:01 logger.go:22: 已经存在
2024/08/09 22:58:01 logger.go:22: 已经存在
2024/08/09 22:58:01 logger.go:22: 已经存在
2024/08/09 22:58:01 logger.go:22: 已经存在
2024/08/09 22:58:01 logger.go:22: 已经存在
2024/08/09 22:58:01 logger.go:22: 已经存在
2024/08/09 22:58:01 logger.go:22: 已经存在
2024/08/09 22:58:01 logger.go:22: failed to get name
2024/08/09 22:58:02 logger.go:22: failed to get name
2024/08/09 22:58:02 logger.go:22: 已经存在
2024/08/09 22:58:02 logger.go:22: 已经存在
2024/08/09 22:58:02 logger.go:22: 已经存在
2024/08/09 22:58:02 logger.go:22: 已经存在
2024/08/09 22:58:02 logger.go:22: 已经存在
2024/08/09 22:58:02 logger.go:22: 已经存在
2024/08/09 22:58:02 logger.go:22: 已经存在
2024/08/09 22:58:02 logger.go:22: 已经存在
2024/08/09 22:58:02 logger.go:22: 已经存在
2024/08/09 22:58:02 logger.go:22: 已经存在
2024/08/09 22:58:02 logger.go:22: 已经存在
2024/08/09 22:58:02 logger.go:22: failed to get name
2024/08/09 22:58:02 logger.go:22: 已经存在
2024/08/09 22:58:02 logger.go:22: 已经存在
2024/08/09 22:58:02 logger.go:22: 已经存在
2024/08/09 22:58:02 logger.go:22: 已经存在
2024/08/09 22:58:02 logger.go:22: 已经存在
2024/08/09 22:58:02 logger.go:22: 已经存在
2024/08/09 22:58:02 logger.go:22: 已经存在
2024/08/09 22:58:02 logger.go:22: 已经存在
2024/08/09 22:58:02 logger.go:22: 已经存在
2024/08/09 22:58:02 logger.go:22: 已经存在
2024/08/09 22:58:02 logger.go:22: 已经存在
2024/08/09 22:58:02 logger.go:22: failed to get name
2024/08/09 22:58:02 logger.go:22: 已经存在
2024/08/09 22:58:02 logger.go:22: 已经存在
2024/08/09 22:58:02 logger.go:22: 已经存在
2024/08/09 22:58:02 logger.go:22: 已经存在
2024/08/09 22:58:02 logger.go:22: 已经存在
2024/08/09 22:58:02 logger.go:22: 已经存在
2024/08/09 22:58:02 logger.go:22: 已经存在
2024/08/09 22:58:02 logger.go:22: 已经存在
2024/08/09 22:58:02 logger.go:22: 已经存在
2024/08/09 22:58:02 logger.go:22: 已经存在
2024/08/09 22:58:02 logger.go:22: 已经存在
2024/08/09 22:58:02 logger.go:22: 已经存在
2024/08/09 22:58:02 logger.go:22: 已经存在
2024/08/09 22:58:02 logger.go:22: 已经存在
2024/08/09 22:58:02 logger.go:22: 已经存在
2024/08/09 22:58:02 logger.go:22: 已经存在
2024/08/09 22:58:02 logger.go:22: 已经存在
2024/08/09 22:58:02 logger.go:22: 已经存在
2024/08/09 22:58:02 logger.go:22: 已经存在
2024/08/09 22:58:02 logger.go:22: 已经存在
2024/08/09 22:58:02 logger.go:22: 已经存在
2024/08/09 22:58:02 logger.go:22: 已经存在
2024/08/09 22:58:02 logger.go:22: 已经存在
2024/08/09 22:58:02 logger.go:22: 已经存在
2024/08/09 22:58:02 logger.go:22: 已经存在
2024/08/09 22:58:02 logger.go:22: 已经存在
2024/08/09 22:58:02 logger.go:22: 已经存在
2024/08/09 22:58:02 logger.go:22: 已经存在
2024/08/09 22:58:02 logger.go:22: 已经存在
2024/08/09 22:58:02 logger.go:22: 已经存在
2024/08/09 22:58:02 logger.go:22: 已经存在
2024/08/09 22:58:02 logger.go:22: 已经存在
2024/08/09 22:58:02 logger.go:22: 已经存在
/Users/dinghaoran/anime-go2/main.go: 2024/08/09 23:25:04 main.go:28: 程序启动
/Users/dinghaoran/anime-go2/main.go: 2024/08/09 23:25:48 main.go:28: 程序启动
/Users/dinghaoran/anime-go2/main.go: 2024/08/09 23:28:33 main.go:28: 程序启动
28 2024/08/09 23:28:39 main.go:28: 程序启动
prefix 28 2024/08/09 23:29:21 main.go:28: 程序启动
2024/08/09 23:29:52 main.go:28: 程序启动
2024/08/10 13:03:53 main.go:28: 程序启动
2024/08/10 13:10:01 main.go:97: failed to get name
2024/08/10 13:10:15 controller.go:100: unknow episode statuts
2024/08/10 13:10:20 controller.go:100: unknow episode statuts
2024/08/10 13:10:32 main.go:97: failed to get name
2024/08/10 13:10:35 main.go:97: unexpected response status: 404 Not Found
2024/08/10 13:10:35 main.go:97: failed to get name
2024/08/10 13:10:35 main.go:97: failed to get name
2024/08/10 13:10:40 main.go:97: unexpected response status: 404 Not Found
2024/08/10 13:10:40 main.go:97: unexpected response status: 404 Not Found
2024/08/10 14:36:37 main.go:97: panic occurred: runtime error: index out of range [1] with length 0
2024/08/10 14:44:09 main.go:28: 程序启动
2024/08/10 14:44:19 main.go:28: 程序启动
2024/08/10 15:14:41 main.go:28: 程序启动
2024/08/10 21:55:02 controller.go:100: unknow episode statuts
2024/08/10 21:55:02 controller.go:100: unknow episode statuts
2024/08/10 21:55:02 controller.go:100: unknow episode statuts
2024/08/10 22:21:15 main.go:97: failed to make request: Get "https://api.themoviedb.org/3/tv/206629/season/1/episode/6?language=ja": read tcp 10.13.13.5:50687->99.86.91.81:443: read: connection reset by peer
2024/08/10 22:58:09 main.go:28: 程序启动
2024/08/10 23:01:34 main.go:28: 程序启动
2024/08/11 17:46:42 main.go:29: 程序启动
2024/08/11 17:48:45 main.go:29: 程序启动
2024/08/11 17:50:11 main.go:29: 程序启动
2024/08/11 17:51:46 main.go:29: 程序启动
2024/08/11 17:54:43 main.go:29: 程序启动
2024/08/11 17:55:00 main.go:29: 程序启动
2024/08/11 17:56:11 main.go:29: 程序启动
2024/08/11 17:56:42 main.go:29: 程序启动
2024/08/11 17:59:50 main.go:29: 程序启动
2024/08/11 18:01:25 main.go:29: 程序启动
2024/08/11 18:02:10 main.go:29: 程序启动
2024/08/11 18:05:03 main.go:29: 程序启动
2024/08/11 18:06:13 main.go:29: 程序启动
2024/08/11 18:06:28 main.go:29: 程序启动
2024/08/11 18:06:36 main.go:29: 程序启动
2024/08/11 18:07:06 main.go:29: 程序启动
2024/08/11 18:07:31 main.go:29: 程序启动
2024/08/11 18:11:16 main.go:29: 程序启动
2024/08/11 18:11:47 main.go:29: 程序启动
2024/08/11 18:15:47 main.go:29: 程序启动
2024/08/11 18:16:18 main.go:29: 程序启动
2024/08/11 18:16:37 main.go:29: 程序启动
2024/08/11 18:20:41 main.go:29: 程序启动
2024/08/11 18:21:21 main.go:29: 程序启动
2024/08/11 18:22:07 main.go:29: 程序启动
2024/08/11 18:25:01 main.go:29: 程序启动
2024/08/11 18:26:29 main.go:29: 程序启动
2024/08/11 18:26:42 main.go:29: 程序启动
2024/08/11 18:27:19 main.go:29: 程序启动
2024/08/11 18:27:51 main.go:29: 程序启动
2024/08/11 18:28:00 main.go:29: 程序启动
2024/08/11 18:28:15 main.go:29: 程序启动
2024/08/11 18:28:43 main.go:29: 程序启动
2024/08/11 18:30:53 main.go:29: 程序启动
2024/08/11 18:31:04 main.go:29: 程序启动
2024/08/11 18:33:07 main.go:29: 程序启动
2024/08/11 18:33:35 main.go:29: 程序启动
2024/08/11 18:33:58 main.go:29: 程序启动
2024/08/11 18:34:31 main.go:29: 程序启动
2024/08/11 18:35:00 main.go:29: 程序启动
2024/08/11 18:35:33 main.go:29: 程序启动
2024/08/11 18:35:45 main.go:29: 程序启动
2024/08/11 18:35:57 main.go:29: 程序启动
2024/08/11 18:36:09 main.go:29: 程序启动
2024/08/11 18:37:37 main.go:29: 程序启动
2024/08/11 18:38:02 main.go:29: 程序启动
2024/08/11 18:39:02 main.go:29: 程序启动
2024/08/11 18:39:20 main.go:29: 程序启动
2024/08/11 18:41:15 main.go:29: 程序启动
2024/08/11 18:41:31 main.go:29: 程序启动
2024/08/11 18:42:10 main.go:29: 程序启动
2024/08/11 18:42:24 main.go:29: 程序启动
2024/08/11 22:09:49 main.go:27: 程序启动
2024/08/11 22:12:13 main.go:27: 程序启动
2024/08/11 22:13:07 main.go:27: 程序启动
2024/08/11 22:13:33 main.go:27: 程序启动
2024/08/11 22:14:21 main.go:27: 程序启动
2024/08/11 22:16:53 main.go:27: 程序启动
2024/08/11 22:17:11 main.go:27: 程序启动
2024/08/11 22:19:59 main.go:27: 程序启动
2024/08/11 22:25:18 main.go:27: 程序启动
2024/08/11 22:25:48 main.go:27: 程序启动
2024/08/11 22:26:53 main.go:27: 程序启动
2024/08/11 22:27:33 main.go:27: 程序启动
2024/08/11 22:29:42 main.go:27: 程序启动
2024/08/11 22:30:27 main.go:27: 程序启动
2024/08/11 22:31:16 main.go:27: 程序启动
2024/08/11 22:31:37 main.go:27: 程序启动
2024/08/11 22:39:03 main.go:27: 程序启动
2024/08/11 22:46:27 main.go:27: 程序启动
2024/08/11 22:48:02 main.go:27: 程序启动
2024/08/11 22:49:36 main.go:27: 程序启动
2024/08/11 22:49:54 main.go:27: 程序启动
2024/08/12 00:15:52 main.go:27: 程序启动
2024/08/12 00:20:30 main.go:27: 程序启动
2024/08/12 00:21:04 main.go:27: 程序启动
2024/08/12 00:22:04 main.go:27: 程序启动
2024/08/12 00:23:55 main.go:27: 程序启动
2024/08/12 00:29:54 main.go:27: 程序启动
2024/08/12 00:30:20 main.go:27: 程序启动
2024/08/12 00:30:47 main.go:27: 程序启动
2024/08/12 00:31:23 main.go:27: 程序启动
2024/08/12 00:32:55 main.go:27: 程序启动
2024/08/12 00:33:24 main.go:27: 程序启动
2024/08/12 00:34:04 main.go:27: 程序启动
2024/08/12 00:34:29 main.go:27: 程序启动
2024/08/12 00:43:49 main.go:27: 程序启动
2024/08/12 00:44:49 main.go:27: 程序启动
2024/08/12 00:47:43 main.go:27: 程序启动
2024/08/12 00:53:35 main.go:27: 程序启动
2024/08/12 00:54:48 main.go:27: 程序启动
2024/08/12 01:00:32 main.go:27: 程序启动
2024/08/12 01:01:32 main.go:27: 程序启动
2024/08/12 01:04:20 main.go:27: 程序启动
2024/08/12 01:04:51 main.go:27: 程序启动
2024/08/12 01:07:27 main.go:27: 程序启动
2024/08/12 01:08:37 main.go:27: 程序启动
2024/08/12 01:09:37 main.go:27: 程序启动
2024/08/12 01:10:06 main.go:27: 程序启动
2024/08/12 01:10:41 main.go:27: 程序启动
2024/08/12 01:16:37 main.go:27: 程序启动
2024/08/12 01:19:01 main.go:27: 程序启动
2024/08/12 01:21:16 main.go:27: 程序启动
2024/08/12 01:21:44 main.go:27: 程序启动
2024/08/12 01:23:05 main.go:27: 程序启动
2024/08/12 01:24:20 main.go:27: 程序启动
2024/08/12 01:25:15 main.go:27: 程序启动
2024/08/12 01:26:15 main.go:27: 程序启动
2024/08/12 01:27:08 main.go:27: 程序启动
2024/08/12 01:28:28 main.go:27: 程序启动
2024/08/12 01:30:46 main.go:27: 程序启动
2024/08/12 01:31:24 main.go:27: 程序启动
2024/08/12 01:32:17 main.go:27: 程序启动
2024/08/12 01:33:13 main.go:27: 程序启动
2024/08/12 01:34:17 main.go:27: 程序启动
2024/08/12 01:34:42 main.go:27: 程序启动
2024/08/12 01:37:48 main.go:27: 程序启动
2024/08/12 01:39:54 main.go:27: 程序启动
2024/08/12 01:40:38 main.go:27: 程序启动
2024/08/12 01:41:07 main.go:27: 程序启动
2024/08/12 01:42:27 main.go:27: 程序启动
2024/08/12 01:42:46 main.go:27: 程序启动
2024/08/12 01:44:32 main.go:27: 程序启动
2024/08/12 01:46:16 main.go:27: 程序启动
2024/08/12 12:19:49 main.go:27: 程序启动
2024/08/12 12:20:39 main.go:27: 程序启动
2024/08/12 12:21:22 main.go:27: 程序启动
